2024-08-01T16:56:27.140+05:30  INFO 22604 --- [prod-ready-features] [main] .a.p.p.ProdReadyFeaturesApplicationTests : Starting ProdReadyFeaturesApplicationTests using Java 22.0.2 with PID 22604 (started by Dell in C:\Users\Dell\Downloads\Spring_Workspace\Week4\prod-ready-features)
2024-08-01T16:56:27.142+05:30  INFO 22604 --- [prod-ready-features] [main] .a.p.p.ProdReadyFeaturesApplicationTests : No active profile set, falling back to 1 default profile: "default"
2024-08-01T16:56:28.574+05:30  INFO 22604 --- [prod-ready-features] [main] .s.d.r.c.RepositoryConfigurationDelegate : Bootstrapping Spring Data JPA repositories in DEFAULT mode.
2024-08-01T16:56:28.634+05:30  INFO 22604 --- [prod-ready-features] [main] .s.d.r.c.RepositoryConfigurationDelegate : Finished Spring Data repository scanning in 53 ms. Found 1 JPA repository interface.
2024-08-01T16:56:29.539+05:30  INFO 22604 --- [prod-ready-features] [main] o.hibernate.jpa.internal.util.LogHelper  : HHH000204: Processing PersistenceUnitInfo [name: default]
2024-08-01T16:56:29.656+05:30  INFO 22604 --- [prod-ready-features] [main] org.hibernate.Version                    : HHH000412: Hibernate ORM core version 6.5.2.Final
2024-08-01T16:56:29.716+05:30  INFO 22604 --- [prod-ready-features] [main] o.h.c.internal.RegionFactoryInitiator    : HHH000026: Second-level cache disabled
2024-08-01T16:56:29.890+05:30  INFO 22604 --- [prod-ready-features] [main] o.h.e.boot.internal.EnversServiceImpl    : Envers integration enabled? : true
2024-08-01T16:56:30.221+05:30  INFO 22604 --- [prod-ready-features] [main] o.s.o.j.p.SpringPersistenceUnitInfo      : No LoadTimeWeaver setup: ignoring JPA class transformer
2024-08-01T16:56:30.257+05:30  INFO 22604 --- [prod-ready-features] [main] com.zaxxer.hikari.HikariDataSource       : HikariPool-1 - Starting...
2024-08-01T16:56:30.457+05:30  INFO 22604 --- [prod-ready-features] [main] com.zaxxer.hikari.pool.HikariPool        : HikariPool-1 - Added connection com.mysql.cj.jdbc.ConnectionImpl@71eff6a3
2024-08-01T16:56:30.460+05:30  INFO 22604 --- [prod-ready-features] [main] com.zaxxer.hikari.HikariDataSource       : HikariPool-1 - Start completed.
2024-08-01T16:56:30.835+05:30  INFO 22604 --- [prod-ready-features] [main] o.h.e.c.i.m.AuditMetadataGenerator       : Adding properties for entity: com.codingshuttle.anuj.prod_ready_features.prod_ready_features.entities.PostEntity
2024-08-01T16:56:31.684+05:30 ERROR 22604 --- [prod-ready-features] [main] o.h.metamodel.internal.MetadataContext   : HHH015007: Illegal argument on static metamodel field injection : org.hibernate.envers.DefaultRevisionEntity_#class_; expected type :  org.hibernate.metamodel.model.domain.internal.EntityTypeImpl; encountered type : jakarta.persistence.metamodel.MappedSuperclassType
2024-08-01T16:56:31.686+05:30  INFO 22604 --- [prod-ready-features] [main] o.h.e.t.j.p.i.JtaPlatformInitiator       : HHH000489: No JTA platform available (set 'hibernate.transaction.jta.platform' to enable JTA platform integration)
2024-08-01T16:56:31.986+05:30  INFO 22604 --- [prod-ready-features] [main] j.LocalContainerEntityManagerFactoryBean : Initialized JPA EntityManagerFactory for persistence unit 'default'
2024-08-01T16:56:33.117+05:30  WARN 22604 --- [prod-ready-features] [main] JpaBaseConfiguration$JpaWebConfiguration : spring.jpa.open-in-view is enabled by default. Therefore, database queries may be performed during view rendering. Explicitly configure spring.jpa.open-in-view to disable this warning
2024-08-01T16:56:34.298+05:30  INFO 22604 --- [prod-ready-features] [main] o.s.b.a.e.web.EndpointLinksResolver      : Exposing 1 endpoint beneath base path '/actuator'
2024-08-01T16:56:34.391+05:30  INFO 22604 --- [prod-ready-features] [main] .a.p.p.ProdReadyFeaturesApplicationTests : Started ProdReadyFeaturesApplicationTests in 7.793 seconds (process running for 9.169)
2024-08-01T16:56:35.128+05:30 TRACE 22604 --- [prod-ready-features] [main] c.c.a.p.p.c.impl.EmployeeClientImpl      : Trying to retrieve all the employees in getAllEmployees
2024-08-01T16:56:35.129+05:30  INFO 22604 --- [prod-ready-features] [main] c.c.a.p.p.c.impl.EmployeeClientImpl      : Attempting to call the restClient Method in getAllEmployees
2024-08-01T16:56:35.435+05:30 DEBUG 22604 --- [prod-ready-features] [main] c.c.a.p.p.c.impl.EmployeeClientImpl      : Successfully retrieved the employees in getAllEmployees
2024-08-01T16:56:35.435+05:30 TRACE 22604 --- [prod-ready-features] [main] c.c.a.p.p.c.impl.EmployeeClientImpl      : Retrieved employee list in getAllEmployees [EmployeeDTO(id=1, name=manyajain, email=manyajain@gmail.com, age=76, role=USER, salary=300.0, dateOfJoining=null, isActive=true), EmployeeDTO(id=3, name=manyajain, email=manyajain@gmail.com, age=76, role=USER, salary=300.0, dateOfJoining=null, isActive=true), EmployeeDTO(id=4, name=manyajain, email=manyajain@gmail.com, age=76, role=USER, salary=300.0, dateOfJoining=null, isActive=true), EmployeeDTO(id=5, name=manyajain, email=manyajain@gmail.com, age=76, role=USER, salary=300.0, dateOfJoining=null, isActive=true), EmployeeDTO(id=6, name=manyajain, email=manyajain@gmail.com, age=76, role=USER, salary=300.0, dateOfJoining=null, isActive=true), EmployeeDTO(id=7, name=manyajain, email=manyajain@gmail.com, age=76, role=USER, salary=300.0, dateOfJoining=null, isActive=true), EmployeeDTO(id=8, name=manyajain, email=manyajain@gmail.com, age=76, role=USER, salary=300.0, dateOfJoining=null, isActive=true), EmployeeDTO(id=52, name=ManyaJain, email=manyajain@gmail.com, age=76, role=USER, salary=300.0, dateOfJoining=null, isActive=true), EmployeeDTO(id=53, name=ManyaJain, email=manyajain@gmail.com, age=76, role=USER, salary=300.0, dateOfJoining=null, isActive=true), EmployeeDTO(id=54, name=ManyaJain, email=manyajain@gmail.com, age=76, role=USER, salary=300.0, dateOfJoining=null, isActive=true), EmployeeDTO(id=55, name=ManyaJain, email=manyajain@gmail.com, age=76, role=USER, salary=300.0, dateOfJoining=null, isActive=true), EmployeeDTO(id=56, name=ManyaJain, email=manyajain@gmail.com, age=76, role=USER, salary=300.0, dateOfJoining=null, isActive=true), EmployeeDTO(id=57, name=ManyaJain, email=manyajain@gmail.com, age=76, role=USER, salary=300.0, dateOfJoining=null, isActive=true), EmployeeDTO(id=102, name=bhavna, email=manyajain@gmail.com, age=76, role=USER, salary=300.0, dateOfJoining=null, isActive=true), EmployeeDTO(id=103, name=Anuj, email=anuj@gmail.com, age=18, role=USER, salary=5000.0, dateOfJoining=null, isActive=true), EmployeeDTO(id=104, name=Anuj, email=anuj@gmail.com, age=18, role=USER, salary=5000.0, dateOfJoining=null, isActive=true), EmployeeDTO(id=152, name=Anuj, email=anuj@gmail.com, age=18, role=USER, salary=5000.0, dateOfJoining=null, isActive=true), EmployeeDTO(id=153, name=Anuj, email=anuj@gmail.com, age=18, role=USER, salary=5000.0, dateOfJoining=null, isActive=true), EmployeeDTO(id=202, name=Anuj, email=anuj@gmail.com, age=18, role=USER, salary=5000.0, dateOfJoining=null, isActive=true)]
2024-08-01T16:56:35.461+05:30  INFO 22604 --- [prod-ready-features] [SpringApplicationShutdownHook] j.LocalContainerEntityManagerFactoryBean : Closing JPA EntityManagerFactory for persistence unit 'default'
2024-08-01T16:56:35.463+05:30  INFO 22604 --- [prod-ready-features] [SpringApplicationShutdownHook] com.zaxxer.hikari.HikariDataSource       : HikariPool-1 - Shutdown initiated...
2024-08-01T16:56:35.473+05:30  INFO 22604 --- [prod-ready-features] [SpringApplicationShutdownHook] com.zaxxer.hikari.HikariDataSource       : HikariPool-1 - Shutdown completed.
